# JRE version: OpenJDK Runtime Environment Microsoft-10376486 (17.0.13+11) (build 17.0.13+11-LTS)
# Java VM: OpenJDK 64-Bit Server VM Microsoft-10376486 (17.0.13+11-LTS, mixed mode, sharing, tiered, compressed oops, compressed class ptrs, g1 gc, windows-amd64)
GC Precious Log:
 CPUs: 4 total, 4 available
 Memory: 4012M
 Large Page Support: Disabled
 NUMA Support: Disabled
 Compressed Oops: Enabled (32-bit)
 Heap Region Size: 1M
 Heap Min Capacity: 8M
 Heap Initial Capacity: 64M
 Heap Max Capacity: 2G
 Pre-touch: Disabled
 Parallel Workers: 4
 Concurrent Workers: 1
 Concurrent Refinement Workers: 4
 Periodic GC: Disabled
Heap:
 garbage-first heap   total 441344K, used 309049K [0x0000000080000000, 0x0000000100000000)
  region size 1024K, 2 young (2048K), 2 survivors (2048K)
 Metaspace       used 165290K, committed 166528K, reserved 622592K
  class space    used 20491K, committed 21120K, reserved 425984K
GC Heap History (20 events):
Event: 743.774 GC heap after
{Heap after GC invocations=185 (full 0):
 garbage-first heap   total 441344K, used 302806K [0x0000000080000000, 0x0000000100000000)
  region size 1024K, 5 young (5120K), 5 survivors (5120K)
 Metaspace       used 164879K, committed 166144K, reserved 622592K
  class space    used 20469K, committed 21120K, reserved 425984K
}
Event: 746.131 GC heap before
{Heap before GC invocations=185 (full 0):
 garbage-first heap   total 441344K, used 390870K [0x0000000080000000, 0x0000000100000000)
  region size 1024K, 91 young (93184K), 5 survivors (5120K)
 Metaspace       used 164881K, committed 166144K, reserved 622592K
  class space    used 20469K, committed 21120K, reserved 425984K
}
Event: 746.148 GC heap after
{Heap after GC invocations=186 (full 0):
 garbage-first heap   total 441344K, used 303830K [0x0000000080000000, 0x0000000100000000)
  region size 1024K, 6 young (6144K), 6 survivors (6144K)
 Metaspace       used 164881K, committed 166144K, reserved 622592K
  class space    used 20469K, committed 21120K, reserved 425984K
}
Event: 748.226 GC heap before
{Heap before GC invocations=186 (full 0):
 garbage-first heap   total 441344K, used 389846K [0x0000000080000000, 0x0000000100000000)
  region size 1024K, 90 young (92160K), 6 survivors (6144K)
 Metaspace       used 164881K, committed 166144K, reserved 622592K
  class space    used 20469K, committed 21120K, reserved 425984K
}
Event: 748.242 GC heap after
{Heap after GC invocations=187 (full 0):
 garbage-first heap   total 441344K, used 304854K [0x0000000080000000, 0x0000000100000000)
  region size 1024K, 7 young (7168K), 7 survivors (7168K)
 Metaspace       used 164881K, committed 166144K, reserved 622592K
  class space    used 20469K, committed 21120K, reserved 425984K
}
Event: 749.387 GC heap before
{Heap before GC invocations=187 (full 0):
 garbage-first heap   total 441344K, used 388822K [0x0000000080000000, 0x0000000100000000)
  region size 1024K, 89 young (91136K), 7 survivors (7168K)
 Metaspace       used 164881K, committed 166144K, reserved 622592K
  class space    used 20469K, committed 21120K, reserved 425984K
}
Event: 749.425 GC heap after
{Heap after GC invocations=188 (full 0):
 garbage-first heap   total 441344K, used 305698K [0x0000000080000000, 0x0000000100000000)
  region size 1024K, 7 young (7168K), 7 survivors (7168K)
 Metaspace       used 164881K, committed 166144K, reserved 622592K
  class space    used 20469K, committed 21120K, reserved 425984K
}
Event: 750.629 GC heap before
{Heap before GC invocations=188 (full 0):
 garbage-first heap   total 441344K, used 388642K [0x0000000080000000, 0x0000000100000000)
  region size 1024K, 88 young (90112K), 7 survivors (7168K)
 Metaspace       used 164881K, committed 166144K, reserved 622592K
  class space    used 20469K, committed 21120K, reserved 425984K
}
Event: 750.647 GC heap after
{Heap after GC invocations=189 (full 0):
 garbage-first heap   total 441344K, used 306726K [0x0000000080000000, 0x0000000100000000)
  region size 1024K, 7 young (7168K), 7 survivors (7168K)
 Metaspace       used 164881K, committed 166144K, reserved 622592K
  class space    used 20469K, committed 21120K, reserved 425984K
}
Event: 752.403 GC heap before
{Heap before GC invocations=189 (full 0):
 garbage-first heap   total 441344K, used 388646K [0x0000000080000000, 0x0000000100000000)
  region size 1024K, 87 young (89088K), 7 survivors (7168K)
 Metaspace       used 164891K, committed 166144K, reserved 622592K
  class space    used 20469K, committed 21120K, reserved 425984K
}
Event: 752.418 GC heap after
{Heap after GC invocations=190 (full 0):
 garbage-first heap   total 441344K, used 302458K [0x0000000080000000, 0x0000000100000000)
  region size 1024K, 2 young (2048K), 2 survivors (2048K)
 Metaspace       used 164891K, committed 166144K, reserved 622592K
  class space    used 20469K, committed 21120K, reserved 425984K
}
Event: 777.318 GC heap before
{Heap before GC invocations=190 (full 0):
 garbage-first heap   total 441344K, used 392570K [0x0000000080000000, 0x0000000100000000)
  region size 1024K, 90 young (92160K), 2 survivors (2048K)
 Metaspace       used 165272K, committed 166464K, reserved 622592K
  class space    used 20491K, committed 21120K, reserved 425984K
}
Event: 780.139 GC heap after
{Heap after GC invocations=191 (full 0):
 garbage-first heap   total 441344K, used 306266K [0x0000000080000000, 0x0000000100000000)
  region size 1024K, 6 young (6144K), 6 survivors (6144K)
 Metaspace       used 165272K, committed 166464K, reserved 622592K
  class space    used 20491K, committed 21120K, reserved 425984K
}
Event: 780.509 GC heap before
{Heap before GC invocations=191 (full 0):
 garbage-first heap   total 441344K, used 320602K [0x0000000080000000, 0x0000000100000000)
  region size 1024K, 21 young (21504K), 6 survivors (6144K)
 Metaspace       used 165276K, committed 166464K, reserved 622592K
  class space    used 20491K, committed 21120K, reserved 425984K
}
Event: 780.597 GC heap after
{Heap after GC invocations=192 (full 0):
 garbage-first heap   total 441344K, used 307579K [0x0000000080000000, 0x0000000100000000)
  region size 1024K, 2 young (2048K), 2 survivors (2048K)
 Metaspace       used 165276K, committed 166464K, reserved 622592K
  class space    used 20491K, committed 21120K, reserved 425984K
}
Event: 780.887 GC heap before
{Heap before GC invocations=192 (full 0):
 garbage-first heap   total 441344K, used 327035K [0x0000000080000000, 0x0000000100000000)
  region size 1024K, 21 young (21504K), 2 survivors (2048K)
 Metaspace       used 165279K, committed 166464K, reserved 622592K
  class space    used 20491K, committed 21120K, reserved 425984K
}
Event: 780.961 GC heap after
{Heap after GC invocations=193 (full 0):
 garbage-first heap   total 441344K, used 307371K [0x0000000080000000, 0x0000000100000000)
  region size 1024K, 2 young (2048K), 2 survivors (2048K)
 Metaspace       used 165279K, committed 166464K, reserved 622592K
  class space    used 20491K, committed 21120K, reserved 425984K
}
Event: 781.181 GC heap before
{Heap before GC invocations=193 (full 0):
 garbage-first heap   total 441344K, used 327851K [0x0000000080000000, 0x0000000100000000)
  region size 1024K, 21 young (21504K), 2 survivors (2048K)
 Metaspace       used 165282K, committed 166464K, reserved 622592K
  class space    used 20491K, committed 21120K, reserved 425984K
}
Event: 781.200 GC heap after
{Heap after GC invocations=194 (full 0):
 garbage-first heap   total 441344K, used 307875K [0x0000000080000000, 0x0000000100000000)
  region size 1024K, 2 young (2048K), 2 survivors (2048K)
 Metaspace       used 165282K, committed 166464K, reserved 622592K
  class space    used 20491K, committed 21120K, reserved 425984K
}
Event: 781.406 GC heap before
{Heap before GC invocations=194 (full 0):
 garbage-first heap   total 441344K, used 327331K [0x0000000080000000, 0x0000000100000000)
  region size 1024K, 21 young (21504K), 2 survivors (2048K)
 Metaspace       used 165290K, committed 166528K, reserved 622592K
  class space    used 20491K, committed 21120K, reserved 425984K
}

