# JRE version: OpenJDK Runtime Environment Microsoft-10376486 (17.0.13+11) (build 17.0.13+11-LTS)
# Java VM: OpenJDK 64-Bit Server VM Microsoft-10376486 (17.0.13+11-LTS, mixed mode, sharing, tiered, compressed oops, compressed class ptrs, g1 gc, windows-amd64)
GC Precious Log:
 CPUs: 4 total, 4 available
 Memory: 4012M
 Large Page Support: Disabled
 NUMA Support: Disabled
 Compressed Oops: Enabled (32-bit)
 Heap Region Size: 1M
 Heap Min Capacity: 8M
 Heap Initial Capacity: 64M
 Heap Max Capacity: 2G
 Pre-touch: Disabled
 Parallel Workers: 4
 Concurrent Workers: 1
 Concurrent Refinement Workers: 4
 Periodic GC: Disabled
Heap:
 garbage-first heap   total 418816K, used 162893K [0x0000000080000000, 0x0000000100000000)
  region size 1024K, 3 young (3072K), 3 survivors (3072K)
 Metaspace       used 165939K, committed 167040K, reserved 622592K
  class space    used 20550K, committed 21056K, reserved 425984K
GC Heap History (20 events):
Event: 426.700 GC heap after
{Heap after GC invocations=90 (full 0):
 garbage-first heap   total 365568K, used 159737K [0x0000000080000000, 0x0000000100000000)
  region size 1024K, 1 young (1024K), 1 survivors (1024K)
 Metaspace       used 164686K, committed 165824K, reserved 622592K
  class space    used 20445K, committed 20992K, reserved 425984K
}
Event: 428.185 GC heap before
{Heap before GC invocations=90 (full 0):
 garbage-first heap   total 365568K, used 244729K [0x0000000080000000, 0x0000000100000000)
  region size 1024K, 85 young (87040K), 1 survivors (1024K)
 Metaspace       used 165319K, committed 166464K, reserved 622592K
  class space    used 20513K, committed 21056K, reserved 425984K
}
Event: 428.197 GC heap after
{Heap after GC invocations=91 (full 0):
 garbage-first heap   total 365568K, used 159906K [0x0000000080000000, 0x0000000100000000)
  region size 1024K, 2 young (2048K), 2 survivors (2048K)
 Metaspace       used 165319K, committed 166464K, reserved 622592K
  class space    used 20513K, committed 21056K, reserved 425984K
}
Event: 429.926 GC heap before
{Heap before GC invocations=92 (full 0):
 garbage-first heap   total 377856K, used 310434K [0x0000000080000000, 0x0000000100000000)
  region size 1024K, 148 young (151552K), 2 survivors (2048K)
 Metaspace       used 165645K, committed 166784K, reserved 622592K
  class space    used 20533K, committed 21056K, reserved 425984K
}
Event: 429.937 GC heap after
{Heap after GC invocations=93 (full 0):
 garbage-first heap   total 377856K, used 164016K [0x0000000080000000, 0x0000000100000000)
  region size 1024K, 5 young (5120K), 5 survivors (5120K)
 Metaspace       used 165645K, committed 166784K, reserved 622592K
  class space    used 20533K, committed 21056K, reserved 425984K
}
Event: 430.012 GC heap before
{Heap before GC invocations=93 (full 0):
 garbage-first heap   total 377856K, used 176304K [0x0000000080000000, 0x0000000100000000)
  region size 1024K, 19 young (19456K), 5 survivors (5120K)
 Metaspace       used 165651K, committed 166784K, reserved 622592K
  class space    used 20533K, committed 21056K, reserved 425984K
}
Event: 430.029 GC heap after
{Heap after GC invocations=94 (full 0):
 garbage-first heap   total 377856K, used 161798K [0x0000000080000000, 0x0000000100000000)
  region size 1024K, 1 young (1024K), 1 survivors (1024K)
 Metaspace       used 165651K, committed 166784K, reserved 622592K
  class space    used 20533K, committed 21056K, reserved 425984K
}
Event: 431.017 GC heap before
{Heap before GC invocations=94 (full 0):
 garbage-first heap   total 377856K, used 319494K [0x0000000080000000, 0x0000000100000000)
  region size 1024K, 156 young (159744K), 1 survivors (1024K)
 Metaspace       used 165713K, committed 166848K, reserved 622592K
  class space    used 20535K, committed 21056K, reserved 425984K
}
Event: 431.025 GC heap after
{Heap after GC invocations=95 (full 0):
 garbage-first heap   total 377856K, used 162819K [0x0000000080000000, 0x0000000100000000)
  region size 1024K, 2 young (2048K), 2 survivors (2048K)
 Metaspace       used 165713K, committed 166848K, reserved 622592K
  class space    used 20535K, committed 21056K, reserved 425984K
}
Event: 432.572 GC heap before
{Heap before GC invocations=96 (full 0):
 garbage-first heap   total 386048K, used 322563K [0x0000000080000000, 0x0000000100000000)
  region size 1024K, 159 young (162816K), 2 survivors (2048K)
 Metaspace       used 165828K, committed 166976K, reserved 622592K
  class space    used 20541K, committed 21056K, reserved 425984K
}
Event: 432.581 GC heap after
{Heap after GC invocations=97 (full 0):
 garbage-first heap   total 386048K, used 163919K [0x0000000080000000, 0x0000000100000000)
  region size 1024K, 3 young (3072K), 3 survivors (3072K)
 Metaspace       used 165828K, committed 166976K, reserved 622592K
  class space    used 20541K, committed 21056K, reserved 425984K
}
Event: 432.664 GC heap before
{Heap before GC invocations=97 (full 0):
 garbage-first heap   total 386048K, used 178255K [0x0000000080000000, 0x0000000100000000)
  region size 1024K, 18 young (18432K), 3 survivors (3072K)
 Metaspace       used 165828K, committed 166976K, reserved 622592K
  class space    used 20541K, committed 21056K, reserved 425984K
}
Event: 432.679 GC heap after
{Heap after GC invocations=98 (full 0):
 garbage-first heap   total 386048K, used 161789K [0x0000000080000000, 0x0000000100000000)
  region size 1024K, 2 young (2048K), 2 survivors (2048K)
 Metaspace       used 165828K, committed 166976K, reserved 622592K
  class space    used 20541K, committed 21056K, reserved 425984K
}
Event: 433.478 GC heap before
{Heap before GC invocations=98 (full 0):
 garbage-first heap   total 386048K, used 332797K [0x0000000080000000, 0x0000000100000000)
  region size 1024K, 169 young (173056K), 2 survivors (2048K)
 Metaspace       used 165881K, committed 166976K, reserved 622592K
  class space    used 20547K, committed 21056K, reserved 425984K
}
Event: 433.486 GC heap after
{Heap after GC invocations=99 (full 0):
 garbage-first heap   total 386048K, used 162706K [0x0000000080000000, 0x0000000100000000)
  region size 1024K, 3 young (3072K), 3 survivors (3072K)
 Metaspace       used 165881K, committed 166976K, reserved 622592K
  class space    used 20547K, committed 21056K, reserved 425984K
}
Event: 435.147 GC heap before
{Heap before GC invocations=100 (full 0):
 garbage-first heap   total 386048K, used 334738K [0x0000000080000000, 0x0000000100000000)
  region size 1024K, 171 young (175104K), 3 survivors (3072K)
 Metaspace       used 165911K, committed 167040K, reserved 622592K
  class space    used 20548K, committed 21056K, reserved 425984K
}
Event: 435.160 GC heap after
{Heap after GC invocations=101 (full 0):
 garbage-first heap   total 386048K, used 164035K [0x0000000080000000, 0x0000000100000000)
  region size 1024K, 4 young (4096K), 4 survivors (4096K)
 Metaspace       used 165911K, committed 167040K, reserved 622592K
  class space    used 20548K, committed 21056K, reserved 425984K
}
Event: 435.228 GC heap before
{Heap before GC invocations=101 (full 0):
 garbage-first heap   total 386048K, used 178371K [0x0000000080000000, 0x0000000100000000)
  region size 1024K, 18 young (18432K), 4 survivors (4096K)
 Metaspace       used 165913K, committed 167040K, reserved 622592K
  class space    used 20548K, committed 21056K, reserved 425984K
}
Event: 435.246 GC heap after
{Heap after GC invocations=102 (full 0):
 garbage-first heap   total 386048K, used 161849K [0x0000000080000000, 0x0000000100000000)
  region size 1024K, 2 young (2048K), 2 survivors (2048K)
 Metaspace       used 165913K, committed 167040K, reserved 622592K
  class space    used 20548K, committed 21056K, reserved 425984K
}
Event: 436.101 GC heap before
{Heap before GC invocations=102 (full 0):
 garbage-first heap   total 386048K, used 335929K [0x0000000080000000, 0x0000000100000000)
  region size 1024K, 172 young (176128K), 2 survivors (2048K)
 Metaspace       used 165939K, committed 167040K, reserved 622592K
  class space    used 20550K, committed 21056K, reserved 425984K
}

